nohup: ignoring input
Detected kernel version 5.4.0, which is below the recommended minimum of 5.5.0; this can cause the process to hang. It is recommended to upgrade the kernel to the minimum version or higher.

  0%|          | 0/223 [00:00<?, ?it/s]
Epoch 0:   0%|          | 0/223 [00:00<?, ?it/s]
Epoch 0:   0%|          | 1/223 [00:01<06:32,  1.77s/it]
Epoch 0:   0%|          | 1/223 [00:01<06:32,  1.77s/it, ema_decay=1, loss=1.06, lr=2e-7, step=1]
Epoch 0:   1%|          | 2/223 [00:02<04:41,  1.28s/it, ema_decay=1, loss=1.06, lr=2e-7, step=1]
Epoch 0:   1%|          | 2/223 [00:02<04:41,  1.28s/it, ema_decay=1, loss=1.05, lr=4e-7, step=2]
Epoch 0:   1%|▏         | 3/223 [00:03<03:46,  1.03s/it, ema_decay=1, loss=1.05, lr=4e-7, step=2]
Epoch 0:   1%|▏         | 3/223 [00:03<03:46,  1.03s/it, ema_decay=1, loss=1.05, lr=6e-7, step=3]
Epoch 0:   2%|▏         | 4/223 [00:04<03:47,  1.04s/it, ema_decay=1, loss=1.05, lr=6e-7, step=3]
Epoch 0:   2%|▏         | 4/223 [00:04<03:47,  1.04s/it, ema_decay=1, loss=1.05, lr=8e-7, step=4]
Epoch 0:   2%|▏         | 5/223 [00:05<03:22,  1.08it/s, ema_decay=1, loss=1.05, lr=8e-7, step=4]
Epoch 0:   2%|▏         | 5/223 [00:05<03:22,  1.08it/s, ema_decay=1, loss=1, lr=1e-6, step=5]   
Epoch 0:   3%|▎         | 6/223 [00:05<03:06,  1.16it/s, ema_decay=1, loss=1, lr=1e-6, step=5]
Epoch 0:   3%|▎         | 6/223 [00:05<03:06,  1.16it/s, ema_decay=1, loss=1.01, lr=1.2e-6, step=6]
Epoch 0:   3%|▎         | 7/223 [00:06<02:47,  1.29it/s, ema_decay=1, loss=1.01, lr=1.2e-6, step=6]
Epoch 0:   3%|▎         | 7/223 [00:06<02:47,  1.29it/s, ema_decay=1, loss=1.02, lr=1.4e-6, step=7]
Epoch 0:   4%|▎         | 8/223 [00:07<02:58,  1.20it/s, ema_decay=1, loss=1.02, lr=1.4e-6, step=7]
Epoch 0:   4%|▎         | 8/223 [00:07<02:58,  1.20it/s, ema_decay=1, loss=1.01, lr=1.6e-6, step=8]
Epoch 0:   4%|▍         | 9/223 [00:08<02:43,  1.31it/s, ema_decay=1, loss=1.01, lr=1.6e-6, step=8]
Epoch 0:   4%|▍         | 9/223 [00:08<02:43,  1.31it/s, ema_decay=1, loss=0.979, lr=1.8e-6, step=9]
Epoch 0:   4%|▍         | 10/223 [00:08<02:28,  1.43it/s, ema_decay=1, loss=0.979, lr=1.8e-6, step=9]
Epoch 0:   4%|▍         | 10/223 [00:08<02:28,  1.43it/s, ema_decay=1, loss=0.92, lr=2e-6, step=10]  
Epoch 0:   5%|▍         | 11/223 [00:09<02:39,  1.33it/s, ema_decay=1, loss=0.92, lr=2e-6, step=10]
Epoch 0:   5%|▍         | 11/223 [00:09<02:39,  1.33it/s, ema_decay=1, loss=0.918, lr=2.2e-6, step=11]
Epoch 0:   5%|▌         | 12/223 [00:10<02:36,  1.35it/s, ema_decay=1, loss=0.918, lr=2.2e-6, step=11]
Epoch 0:   5%|▌         | 12/223 [00:10<02:36,  1.35it/s, ema_decay=1, loss=0.865, lr=2.4e-6, step=12]
Epoch 0:   6%|▌         | 13/223 [00:10<02:32,  1.38it/s, ema_decay=1, loss=0.865, lr=2.4e-6, step=12]
Epoch 0:   6%|▌         | 13/223 [00:10<02:32,  1.38it/s, ema_decay=1, loss=0.833, lr=2.6e-6, step=13]
Epoch 0:   6%|▋         | 14/223 [00:11<02:32,  1.37it/s, ema_decay=1, loss=0.833, lr=2.6e-6, step=13]
Epoch 0:   6%|▋         | 14/223 [00:11<02:32,  1.37it/s, ema_decay=1, loss=0.808, lr=2.8e-6, step=14]
Epoch 0:   7%|▋         | 15/223 [00:12<02:30,  1.38it/s, ema_decay=1, loss=0.808, lr=2.8e-6, step=14]
Epoch 0:   7%|▋         | 15/223 [00:12<02:30,  1.38it/s, ema_decay=1, loss=0.764, lr=3e-6, step=15]  
Epoch 0:   7%|▋         | 16/223 [00:13<02:28,  1.39it/s, ema_decay=1, loss=0.764, lr=3e-6, step=15]
Epoch 0:   7%|▋         | 16/223 [00:13<02:28,  1.39it/s, ema_decay=1, loss=0.718, lr=3.2e-6, step=16]
Epoch 0:   8%|▊         | 17/223 [00:14<03:01,  1.14it/s, ema_decay=1, loss=0.718, lr=3.2e-6, step=16]
Epoch 0:   8%|▊         | 17/223 [00:14<03:01,  1.14it/s, ema_decay=1, loss=0.686, lr=3.4e-6, step=17]
Epoch 0:   8%|▊         | 18/223 [00:15<02:48,  1.22it/s, ema_decay=1, loss=0.686, lr=3.4e-6, step=17]
Epoch 0:   8%|▊         | 18/223 [00:15<02:48,  1.22it/s, ema_decay=1, loss=0.697, lr=3.6e-6, step=18]
Epoch 0:   9%|▊         | 19/223 [00:15<02:49,  1.20it/s, ema_decay=1, loss=0.697, lr=3.6e-6, step=18]
Epoch 0:   9%|▊         | 19/223 [00:15<02:49,  1.20it/s, ema_decay=1, loss=0.641, lr=3.8e-6, step=19]
Epoch 0:   9%|▉         | 20/223 [00:16<02:58,  1.14it/s, ema_decay=1, loss=0.641, lr=3.8e-6, step=19]
Epoch 0:   9%|▉         | 20/223 [00:16<02:58,  1.14it/s, ema_decay=1, loss=0.619, lr=4e-6, step=20]  
Epoch 0:   9%|▉         | 21/223 [00:17<03:06,  1.08it/s, ema_decay=1, loss=0.619, lr=4e-6, step=20]
Epoch 0:   9%|▉         | 21/223 [00:17<03:06,  1.08it/s, ema_decay=1, loss=0.575, lr=4.2e-6, step=21]
Epoch 0:  10%|▉         | 22/223 [00:19<03:59,  1.19s/it, ema_decay=1, loss=0.575, lr=4.2e-6, step=21]
Epoch 0:  10%|▉         | 22/223 [00:19<03:59,  1.19s/it, ema_decay=1, loss=0.547, lr=4.4e-6, step=22]
Epoch 0:  10%|█         | 23/223 [00:21<04:06,  1.23s/it, ema_decay=1, loss=0.547, lr=4.4e-6, step=22]
Epoch 0:  10%|█         | 23/223 [00:21<04:06,  1.23s/it, ema_decay=1, loss=0.494, lr=4.6e-6, step=23]
Epoch 0:  11%|█         | 24/223 [00:22<03:52,  1.17s/it, ema_decay=1, loss=0.494, lr=4.6e-6, step=23]
Epoch 0:  11%|█         | 24/223 [00:22<03:52,  1.17s/it, ema_decay=1, loss=0.573, lr=4.8e-6, step=24]
Epoch 0:  11%|█         | 25/223 [00:23<03:40,  1.11s/it, ema_decay=1, loss=0.573, lr=4.8e-6, step=24]
Epoch 0:  11%|█         | 25/223 [00:23<03:40,  1.11s/it, ema_decay=1, loss=0.457, lr=5e-6, step=25]  
Epoch 0:  12%|█▏        | 26/223 [00:24<03:32,  1.08s/it, ema_decay=1, loss=0.457, lr=5e-6, step=25]
Epoch 0:  12%|█▏        | 26/223 [00:24<03:32,  1.08s/it, ema_decay=1, loss=0.452, lr=5.2e-6, step=26]
Epoch 0:  12%|█▏        | 27/223 [00:25<03:31,  1.08s/it, ema_decay=1, loss=0.452, lr=5.2e-6, step=26]
Epoch 0:  12%|█▏        | 27/223 [00:25<03:31,  1.08s/it, ema_decay=1, loss=0.469, lr=5.4e-6, step=27]
Epoch 0:  13%|█▎        | 28/223 [00:26<03:31,  1.09s/it, ema_decay=1, loss=0.469, lr=5.4e-6, step=27]
Epoch 0:  13%|█▎        | 28/223 [00:26<03:31,  1.09s/it, ema_decay=1, loss=0.424, lr=5.6e-6, step=28]
Epoch 0:  13%|█▎        | 29/223 [00:27<03:27,  1.07s/it, ema_decay=1, loss=0.424, lr=5.6e-6, step=28]
Epoch 0:  13%|█▎        | 29/223 [00:27<03:27,  1.07s/it, ema_decay=1, loss=0.474, lr=5.8e-6, step=29]
Epoch 0:  13%|█▎        | 30/223 [00:29<04:44,  1.48s/it, ema_decay=1, loss=0.474, lr=5.8e-6, step=29]
Epoch 0:  13%|█▎        | 30/223 [00:29<04:44,  1.48s/it, ema_decay=1, loss=0.415, lr=6e-6, step=30]  
Epoch 0:  14%|█▍        | 31/223 [00:31<04:34,  1.43s/it, ema_decay=1, loss=0.415, lr=6e-6, step=30]
Epoch 0:  14%|█▍        | 31/223 [00:31<04:34,  1.43s/it, ema_decay=1, loss=0.278, lr=6.2e-6, step=31]
Epoch 0:  14%|█▍        | 32/223 [00:32<04:21,  1.37s/it, ema_decay=1, loss=0.278, lr=6.2e-6, step=31]
Epoch 0:  14%|█▍        | 32/223 [00:32<04:21,  1.37s/it, ema_decay=1, loss=0.299, lr=6.4e-6, step=32]
Epoch 0:  15%|█▍        | 33/223 [00:33<04:00,  1.27s/it, ema_decay=1, loss=0.299, lr=6.4e-6, step=32]
Epoch 0:  15%|█▍        | 33/223 [00:33<04:00,  1.27s/it, ema_decay=1, loss=0.277, lr=6.6e-6, step=33]
Epoch 0:  15%|█▌        | 34/223 [00:34<03:50,  1.22s/it, ema_decay=1, loss=0.277, lr=6.6e-6, step=33]
Epoch 0:  15%|█▌        | 34/223 [00:34<03:50,  1.22s/it, ema_decay=1, loss=0.302, lr=6.8e-6, step=34]
Epoch 0:  16%|█▌        | 35/223 [00:35<04:06,  1.31s/it, ema_decay=1, loss=0.302, lr=6.8e-6, step=34]
Epoch 0:  16%|█▌        | 35/223 [00:35<04:06,  1.31s/it, ema_decay=1, loss=0.22, lr=7e-6, step=35]   
Epoch 0:  16%|█▌        | 36/223 [00:37<04:23,  1.41s/it, ema_decay=1, loss=0.22, lr=7e-6, step=35]
Epoch 0:  16%|█▌        | 36/223 [00:37<04:23,  1.41s/it, ema_decay=1, loss=0.199, lr=7.2e-6, step=36]
Epoch 0:  17%|█▋        | 37/223 [00:39<04:24,  1.42s/it, ema_decay=1, loss=0.199, lr=7.2e-6, step=36]
Epoch 0:  17%|█▋        | 37/223 [00:39<04:24,  1.42s/it, ema_decay=1, loss=0.197, lr=7.4e-6, step=37]
Epoch 0:  17%|█▋        | 38/223 [00:39<03:56,  1.28s/it, ema_decay=1, loss=0.197, lr=7.4e-6, step=37]
Epoch 0:  17%|█▋        | 38/223 [00:39<03:56,  1.28s/it, ema_decay=1, loss=0.206, lr=7.6e-6, step=38]
Epoch 0:  17%|█▋        | 39/223 [00:40<03:31,  1.15s/it, ema_decay=1, loss=0.206, lr=7.6e-6, step=38]
Epoch 0:  17%|█▋        | 39/223 [00:40<03:31,  1.15s/it, ema_decay=1, loss=0.245, lr=7.8e-6, step=39]
Epoch 0:  18%|█▊        | 40/223 [00:41<03:19,  1.09s/it, ema_decay=1, loss=0.245, lr=7.8e-6, step=39]
Epoch 0:  18%|█▊        | 40/223 [00:41<03:19,  1.09s/it, ema_decay=1, loss=0.241, lr=8e-6, step=40]  
Epoch 0:  18%|█▊        | 41/223 [00:42<03:10,  1.05s/it, ema_decay=1, loss=0.241, lr=8e-6, step=40]
Epoch 0:  18%|█▊        | 41/223 [00:42<03:10,  1.05s/it, ema_decay=1, loss=0.365, lr=8.2e-6, step=41]
Epoch 0:  19%|█▉        | 42/223 [00:43<03:04,  1.02s/it, ema_decay=1, loss=0.365, lr=8.2e-6, step=41]
Epoch 0:  19%|█▉        | 42/223 [00:43<03:04,  1.02s/it, ema_decay=1, loss=0.241, lr=8.4e-6, step=42]
Epoch 0:  19%|█▉        | 43/223 [00:45<03:22,  1.13s/it, ema_decay=1, loss=0.241, lr=8.4e-6, step=42]
Epoch 0:  19%|█▉        | 43/223 [00:45<03:22,  1.13s/it, ema_decay=1, loss=0.228, lr=8.6e-6, step=43]
Epoch 0:  20%|█▉        | 44/223 [00:46<03:19,  1.11s/it, ema_decay=1, loss=0.228, lr=8.6e-6, step=43]
Epoch 0:  20%|█▉        | 44/223 [00:46<03:19,  1.11s/it, ema_decay=1, loss=0.176, lr=8.8e-6, step=44]
Epoch 0:  20%|██        | 45/223 [00:46<02:53,  1.03it/s, ema_decay=1, loss=0.176, lr=8.8e-6, step=44]
Epoch 0:  20%|██        | 45/223 [00:46<02:53,  1.03it/s, ema_decay=1, loss=0.103, lr=9e-6, step=45]  
Epoch 0:  21%|██        | 46/223 [00:47<02:34,  1.15it/s, ema_decay=1, loss=0.103, lr=9e-6, step=45]
Epoch 0:  21%|██        | 46/223 [00:47<02:34,  1.15it/s, ema_decay=1, loss=0.103, lr=9.2e-6, step=46]
Epoch 0:  21%|██        | 47/223 [00:48<02:39,  1.10it/s, ema_decay=1, loss=0.103, lr=9.2e-6, step=46]
Epoch 0:  21%|██        | 47/223 [00:48<02:39,  1.10it/s, ema_decay=1, loss=0.157, lr=9.4e-6, step=47]
Epoch 0:  22%|██▏       | 48/223 [00:49<02:32,  1.15it/s, ema_decay=1, loss=0.157, lr=9.4e-6, step=47]
Epoch 0:  22%|██▏       | 48/223 [00:49<02:32,  1.15it/s, ema_decay=1, loss=0.259, lr=9.6e-6, step=48]
Epoch 0:  22%|██▏       | 49/223 [00:50<02:51,  1.01it/s, ema_decay=1, loss=0.259, lr=9.6e-6, step=48]
Epoch 0:  22%|██▏       | 49/223 [00:50<02:51,  1.01it/s, ema_decay=1, loss=0.126, lr=9.8e-6, step=49]
Epoch 0:  22%|██▏       | 50/223 [00:51<03:04,  1.07s/it, ema_decay=1, loss=0.126, lr=9.8e-6, step=49]
Epoch 0:  22%|██▏       | 50/223 [00:51<03:04,  1.07s/it, ema_decay=1, loss=0.219, lr=1e-5, step=50]  
Epoch 0:  23%|██▎       | 51/223 [00:52<02:58,  1.04s/it, ema_decay=1, loss=0.219, lr=1e-5, step=50]
Epoch 0:  23%|██▎       | 51/223 [00:52<02:58,  1.04s/it, ema_decay=1, loss=0.321, lr=1.02e-5, step=51]
Epoch 0:  23%|██▎       | 52/223 [00:53<02:57,  1.04s/it, ema_decay=1, loss=0.321, lr=1.02e-5, step=51]
Epoch 0:  23%|██▎       | 52/223 [00:53<02:57,  1.04s/it, ema_decay=1, loss=0.184, lr=1.04e-5, step=52]
Epoch 0:  24%|██▍       | 53/223 [00:54<02:52,  1.02s/it, ema_decay=1, loss=0.184, lr=1.04e-5, step=52]
Epoch 0:  24%|██▍       | 53/223 [00:54<02:52,  1.02s/it, ema_decay=1, loss=0.082, lr=1.06e-5, step=53]
Epoch 0:  24%|██▍       | 54/223 [00:55<02:37,  1.07it/s, ema_decay=1, loss=0.082, lr=1.06e-5, step=53]
Epoch 0:  24%|██▍       | 54/223 [00:55<02:37,  1.07it/s, ema_decay=1, loss=0.0642, lr=1.08e-5, step=54]
Epoch 0:  25%|██▍       | 55/223 [00:56<02:27,  1.14it/s, ema_decay=1, loss=0.0642, lr=1.08e-5, step=54]
Epoch 0:  25%|██▍       | 55/223 [00:56<02:27,  1.14it/s, ema_decay=1, loss=0.228, lr=1.1e-5, step=55]  
Epoch 0:  25%|██▌       | 56/223 [00:57<02:41,  1.03it/s, ema_decay=1, loss=0.228, lr=1.1e-5, step=55]
Epoch 0:  25%|██▌       | 56/223 [00:57<02:41,  1.03it/s, ema_decay=1, loss=0.18, lr=1.12e-5, step=56]
Epoch 0:  26%|██▌       | 57/223 [00:58<02:49,  1.02s/it, ema_decay=1, loss=0.18, lr=1.12e-5, step=56]
Epoch 0:  26%|██▌       | 57/223 [00:58<02:49,  1.02s/it, ema_decay=1, loss=0.294, lr=1.14e-5, step=57]
Epoch 0:  26%|██▌       | 58/223 [01:00<03:23,  1.23s/it, ema_decay=1, loss=0.294, lr=1.14e-5, step=57]
Epoch 0:  26%|██▌       | 58/223 [01:00<03:23,  1.23s/it, ema_decay=1, loss=0.141, lr=1.16e-5, step=58]
Epoch 0:  26%|██▋       | 59/223 [01:01<03:15,  1.19s/it, ema_decay=1, loss=0.141, lr=1.16e-5, step=58]
Epoch 0:  26%|██▋       | 59/223 [01:01<03:15,  1.19s/it, ema_decay=1, loss=0.118, lr=1.18e-5, step=59]
Epoch 0:  27%|██▋       | 60/223 [01:02<03:08,  1.16s/it, ema_decay=1, loss=0.118, lr=1.18e-5, step=59]
Epoch 0:  27%|██▋       | 60/223 [01:02<03:08,  1.16s/it, ema_decay=1, loss=0.124, lr=1.2e-5, step=60] 
Epoch 0:  27%|██▋       | 61/223 [01:03<02:55,  1.08s/it, ema_decay=1, loss=0.124, lr=1.2e-5, step=60]
Epoch 0:  27%|██▋       | 61/223 [01:03<02:55,  1.08s/it, ema_decay=1, loss=0.145, lr=1.22e-5, step=61]
Epoch 0:  28%|██▊       | 62/223 [01:04<02:44,  1.02s/it, ema_decay=1, loss=0.145, lr=1.22e-5, step=61]
Epoch 0:  28%|██▊       | 62/223 [01:04<02:44,  1.02s/it, ema_decay=1, loss=0.133, lr=1.24e-5, step=62]
Epoch 0:  28%|██▊       | 63/223 [01:05<02:36,  1.02it/s, ema_decay=1, loss=0.133, lr=1.24e-5, step=62]
Epoch 0:  28%|██▊       | 63/223 [01:05<02:36,  1.02it/s, ema_decay=1, loss=0.155, lr=1.26e-5, step=63]
Epoch 0:  29%|██▊       | 64/223 [01:05<02:31,  1.05it/s, ema_decay=1, loss=0.155, lr=1.26e-5, step=63]
Epoch 0:  29%|██▊       | 64/223 [01:05<02:31,  1.05it/s, ema_decay=1, loss=0.102, lr=1.28e-5, step=64]
Epoch 0:  29%|██▉       | 65/223 [01:07<02:49,  1.08s/it, ema_decay=1, loss=0.102, lr=1.28e-5, step=64]
Epoch 0:  29%|██▉       | 65/223 [01:07<02:49,  1.08s/it, ema_decay=1, loss=0.0735, lr=1.3e-5, step=65]
Epoch 0:  30%|██▉       | 66/223 [01:08<02:36,  1.01it/s, ema_decay=1, loss=0.0735, lr=1.3e-5, step=65]
Epoch 0:  30%|██▉       | 66/223 [01:08<02:36,  1.01it/s, ema_decay=1, loss=0.0534, lr=1.32e-5, step=66]
Epoch 0:  30%|███       | 67/223 [01:08<02:28,  1.05it/s, ema_decay=1, loss=0.0534, lr=1.32e-5, step=66]
Epoch 0:  30%|███       | 67/223 [01:08<02:28,  1.05it/s, ema_decay=1, loss=0.17, lr=1.34e-5, step=67]  
Epoch 0:  30%|███       | 68/223 [01:09<02:30,  1.03it/s, ema_decay=1, loss=0.17, lr=1.34e-5, step=67]
Epoch 0:  30%|███       | 68/223 [01:09<02:30,  1.03it/s, ema_decay=1, loss=0.272, lr=1.36e-5, step=68]
Epoch 0:  31%|███       | 69/223 [01:10<02:26,  1.05it/s, ema_decay=1, loss=0.272, lr=1.36e-5, step=68]
Epoch 0:  31%|███       | 69/223 [01:10<02:26,  1.05it/s, ema_decay=1, loss=0.0782, lr=1.38e-5, step=69]
Epoch 0:  31%|███▏      | 70/223 [01:11<02:15,  1.13it/s, ema_decay=1, loss=0.0782, lr=1.38e-5, step=69]
Epoch 0:  31%|███▏      | 70/223 [01:11<02:15,  1.13it/s, ema_decay=1, loss=0.152, lr=1.4e-5, step=70]  
Epoch 0:  32%|███▏      | 71/223 [01:12<02:31,  1.01it/s, ema_decay=1, loss=0.152, lr=1.4e-5, step=70]
Epoch 0:  32%|███▏      | 71/223 [01:12<02:31,  1.01it/s, ema_decay=1, loss=0.124, lr=1.42e-5, step=71]
Epoch 0:  32%|███▏      | 72/223 [01:13<02:23,  1.05it/s, ema_decay=1, loss=0.124, lr=1.42e-5, step=71]
Epoch 0:  32%|███▏      | 72/223 [01:13<02:23,  1.05it/s, ema_decay=1, loss=0.264, lr=1.44e-5, step=72]
Epoch 0:  33%|███▎      | 73/223 [01:14<02:17,  1.09it/s, ema_decay=1, loss=0.264, lr=1.44e-5, step=72]
Epoch 0:  33%|███▎      | 73/223 [01:14<02:17,  1.09it/s, ema_decay=1, loss=0.118, lr=1.46e-5, step=73]
Epoch 0:  33%|███▎      | 74/223 [01:15<02:17,  1.09it/s, ema_decay=1, loss=0.118, lr=1.46e-5, step=73]
Epoch 0:  33%|███▎      | 74/223 [01:15<02:17,  1.09it/s, ema_decay=1, loss=0.0915, lr=1.48e-5, step=74]
Epoch 0:  34%|███▎      | 75/223 [01:17<02:54,  1.18s/it, ema_decay=1, loss=0.0915, lr=1.48e-5, step=74]
Epoch 0:  34%|███▎      | 75/223 [01:17<02:54,  1.18s/it, ema_decay=1, loss=0.0648, lr=1.5e-5, step=75] 
Epoch 0:  34%|███▍      | 76/223 [01:18<02:41,  1.10s/it, ema_decay=1, loss=0.0648, lr=1.5e-5, step=75]
Epoch 0:  34%|███▍      | 76/223 [01:18<02:41,  1.10s/it, ema_decay=1, loss=0.0431, lr=1.52e-5, step=76]
Epoch 0:  35%|███▍      | 77/223 [01:19<02:29,  1.02s/it, ema_decay=1, loss=0.0431, lr=1.52e-5, step=76]
Epoch 0:  35%|███▍      | 77/223 [01:19<02:29,  1.02s/it, ema_decay=1, loss=0.064, lr=1.54e-5, step=77] 
Epoch 0:  35%|███▍      | 78/223 [01:19<02:20,  1.03it/s, ema_decay=1, loss=0.064, lr=1.54e-5, step=77]
Epoch 0:  35%|███▍      | 78/223 [01:19<02:20,  1.03it/s, ema_decay=1, loss=0.111, lr=1.56e-5, step=78]
Epoch 0:  35%|███▌      | 79/223 [01:20<02:07,  1.13it/s, ema_decay=1, loss=0.111, lr=1.56e-5, step=78]
Epoch 0:  35%|███▌      | 79/223 [01:20<02:07,  1.13it/s, ema_decay=1, loss=0.141, lr=1.58e-5, step=79]
Epoch 0:  36%|███▌      | 80/223 [01:21<02:00,  1.19it/s, ema_decay=1, loss=0.141, lr=1.58e-5, step=79]
Epoch 0:  36%|███▌      | 80/223 [01:21<02:00,  1.19it/s, ema_decay=1, loss=0.109, lr=1.6e-5, step=80] 
Epoch 0:  36%|███▋      | 81/223 [01:22<02:01,  1.17it/s, ema_decay=1, loss=0.109, lr=1.6e-5, step=80]
Epoch 0:  36%|███▋      | 81/223 [01:22<02:01,  1.17it/s, ema_decay=1, loss=0.249, lr=1.62e-5, step=81]
Epoch 0:  37%|███▋      | 82/223 [01:23<01:59,  1.18it/s, ema_decay=1, loss=0.249, lr=1.62e-5, step=81]
Epoch 0:  37%|███▋      | 82/223 [01:23<01:59,  1.18it/s, ema_decay=1, loss=0.158, lr=1.64e-5, step=82]
Epoch 0:  37%|███▋      | 83/223 [01:23<01:51,  1.25it/s, ema_decay=1, loss=0.158, lr=1.64e-5, step=82]
Epoch 0:  37%|███▋      | 83/223 [01:23<01:51,  1.25it/s, ema_decay=1, loss=0.13, lr=1.66e-5, step=83] 
Epoch 0:  38%|███▊      | 84/223 [01:24<01:52,  1.23it/s, ema_decay=1, loss=0.13, lr=1.66e-5, step=83]
Epoch 0:  38%|███▊      | 84/223 [01:24<01:52,  1.23it/s, ema_decay=1, loss=0.0926, lr=1.68e-5, step=84]
Epoch 0:  38%|███▊      | 85/223 [01:25<01:43,  1.33it/s, ema_decay=1, loss=0.0926, lr=1.68e-5, step=84]
Epoch 0:  38%|███▊      | 85/223 [01:25<01:43,  1.33it/s, ema_decay=1, loss=0.199, lr=1.7e-5, step=85]  
Epoch 0:  39%|███▊      | 86/223 [01:26<01:49,  1.26it/s, ema_decay=1, loss=0.199, lr=1.7e-5, step=85]
Epoch 0:  39%|███▊      | 86/223 [01:26<01:49,  1.26it/s, ema_decay=1, loss=0.165, lr=1.72e-5, step=86]
Epoch 0:  39%|███▉      | 87/223 [01:27<02:22,  1.05s/it, ema_decay=1, loss=0.165, lr=1.72e-5, step=86]
Epoch 0:  39%|███▉      | 87/223 [01:27<02:22,  1.05s/it, ema_decay=1, loss=0.0993, lr=1.74e-5, step=87]
Epoch 0:  39%|███▉      | 88/223 [01:28<02:15,  1.00s/it, ema_decay=1, loss=0.0993, lr=1.74e-5, step=87]
Epoch 0:  39%|███▉      | 88/223 [01:28<02:15,  1.00s/it, ema_decay=1, loss=0.139, lr=1.76e-5, step=88] 
Epoch 0:  40%|███▉      | 89/223 [01:29<02:07,  1.05it/s, ema_decay=1, loss=0.139, lr=1.76e-5, step=88]
Epoch 0:  40%|███▉      | 89/223 [01:29<02:07,  1.05it/s, ema_decay=1, loss=0.0748, lr=1.78e-5, step=89]
Epoch 0:  40%|████      | 90/223 [01:30<02:04,  1.07it/s, ema_decay=1, loss=0.0748, lr=1.78e-5, step=89]
Epoch 0:  40%|████      | 90/223 [01:30<02:04,  1.07it/s, ema_decay=1, loss=0.061, lr=1.8e-5, step=90]  
Epoch 0:  41%|████      | 91/223 [01:31<02:08,  1.03it/s, ema_decay=1, loss=0.061, lr=1.8e-5, step=90]
Epoch 0:  41%|████      | 91/223 [01:31<02:08,  1.03it/s, ema_decay=1, loss=0.171, lr=1.82e-5, step=91]
Epoch 0:  41%|████▏     | 92/223 [01:32<01:58,  1.11it/s, ema_decay=1, loss=0.171, lr=1.82e-5, step=91]
Epoch 0:  41%|████▏     | 92/223 [01:32<01:58,  1.11it/s, ema_decay=1, loss=0.237, lr=1.84e-5, step=92]
Epoch 0:  42%|████▏     | 93/223 [01:32<01:55,  1.12it/s, ema_decay=1, loss=0.237, lr=1.84e-5, step=92]
Epoch 0:  42%|████▏     | 93/223 [01:32<01:55,  1.12it/s, ema_decay=1, loss=0.192, lr=1.86e-5, step=93]
Epoch 0:  42%|████▏     | 94/223 [01:33<01:58,  1.09it/s, ema_decay=1, loss=0.192, lr=1.86e-5, step=93]
Epoch 0:  42%|████▏     | 94/223 [01:33<01:58,  1.09it/s, ema_decay=1, loss=0.178, lr=1.88e-5, step=94]
Epoch 0:  43%|████▎     | 95/223 [01:34<01:46,  1.20it/s, ema_decay=1, loss=0.178, lr=1.88e-5, step=94]
Epoch 0:  43%|████▎     | 95/223 [01:34<01:46,  1.20it/s, ema_decay=1, loss=0.237, lr=1.9e-5, step=95] 
Epoch 0:  43%|████▎     | 96/223 [01:35<01:44,  1.22it/s, ema_decay=1, loss=0.237, lr=1.9e-5, step=95]
Epoch 0:  43%|████▎     | 96/223 [01:35<01:44,  1.22it/s, ema_decay=1, loss=0.261, lr=1.92e-5, step=96]
Epoch 0:  43%|████▎     | 97/223 [01:36<01:47,  1.17it/s, ema_decay=1, loss=0.261, lr=1.92e-5, step=96]
Epoch 0:  43%|████▎     | 97/223 [01:36<01:47,  1.17it/s, ema_decay=1, loss=0.107, lr=1.94e-5, step=97]
Epoch 0:  44%|████▍     | 98/223 [01:37<01:43,  1.21it/s, ema_decay=1, loss=0.107, lr=1.94e-5, step=97]
Epoch 0:  44%|████▍     | 98/223 [01:37<01:43,  1.21it/s, ema_decay=1, loss=0.0589, lr=1.96e-5, step=98]
Epoch 0:  44%|████▍     | 99/223 [01:37<01:39,  1.25it/s, ema_decay=1, loss=0.0589, lr=1.96e-5, step=98]
Epoch 0:  44%|████▍     | 99/223 [01:37<01:39,  1.25it/s, ema_decay=1, loss=0.0578, lr=1.98e-5, step=99]
Epoch 0:  45%|████▍     | 100/223 [01:38<01:48,  1.13it/s, ema_decay=1, loss=0.0578, lr=1.98e-5, step=99]
Epoch 0:  45%|████▍     | 100/223 [01:38<01:48,  1.13it/s, ema_decay=1, loss=0.221, lr=2e-5, step=100]   
Epoch 0:  45%|████▌     | 101/223 [01:39<01:39,  1.23it/s, ema_decay=1, loss=0.221, lr=2e-5, step=100]
Epoch 0:  45%|████▌     | 101/223 [01:39<01:39,  1.23it/s, ema_decay=1, loss=0.0892, lr=2.02e-5, step=101]
Epoch 0:  46%|████▌     | 102/223 [01:40<01:31,  1.32it/s, ema_decay=1, loss=0.0892, lr=2.02e-5, step=101]
Epoch 0:  46%|████▌     | 102/223 [01:40<01:31,  1.32it/s, ema_decay=1, loss=0.181, lr=2.04e-5, step=102] 
Epoch 0:  46%|████▌     | 103/223 [01:40<01:28,  1.36it/s, ema_decay=1, loss=0.181, lr=2.04e-5, step=102]
Epoch 0:  46%|████▌     | 103/223 [01:40<01:28,  1.36it/s, ema_decay=1, loss=0.106, lr=2.06e-5, step=103]
Epoch 0:  47%|████▋     | 104/223 [01:41<01:23,  1.43it/s, ema_decay=1, loss=0.106, lr=2.06e-5, step=103]
Epoch 0:  47%|████▋     | 104/223 [01:41<01:23,  1.43it/s, ema_decay=1, loss=0.187, lr=2.08e-5, step=104]
Epoch 0:  47%|████▋     | 105/223 [01:42<01:19,  1.48it/s, ema_decay=1, loss=0.187, lr=2.08e-5, step=104]
Epoch 0:  47%|████▋     | 105/223 [01:42<01:19,  1.48it/s, ema_decay=1, loss=0.111, lr=2.1e-5, step=105] 
Epoch 0:  48%|████▊     | 106/223 [01:42<01:18,  1.48it/s, ema_decay=1, loss=0.111, lr=2.1e-5, step=105]
Epoch 0:  48%|████▊     | 106/223 [01:42<01:18,  1.48it/s, ema_decay=1, loss=0.234, lr=2.12e-5, step=106]
Epoch 0:  48%|████▊     | 107/223 [01:43<01:16,  1.52it/s, ema_decay=1, loss=0.234, lr=2.12e-5, step=106]
Epoch 0:  48%|████▊     | 107/223 [01:43<01:16,  1.52it/s, ema_decay=1, loss=0.102, lr=2.14e-5, step=107]
Epoch 0:  48%|████▊     | 108/223 [01:44<01:18,  1.47it/s, ema_decay=1, loss=0.102, lr=2.14e-5, step=107]
Epoch 0:  48%|████▊     | 108/223 [01:44<01:18,  1.47it/s, ema_decay=1, loss=0.126, lr=2.16e-5, step=108]
Epoch 0:  49%|████▉     | 109/223 [01:44<01:17,  1.48it/s, ema_decay=1, loss=0.126, lr=2.16e-5, step=108]
Epoch 0:  49%|████▉     | 109/223 [01:44<01:17,  1.48it/s, ema_decay=1, loss=0.243, lr=2.18e-5, step=109]
Epoch 0:  49%|████▉     | 110/223 [01:45<01:23,  1.35it/s, ema_decay=1, loss=0.243, lr=2.18e-5, step=109]
Epoch 0:  49%|████▉     | 110/223 [01:45<01:23,  1.35it/s, ema_decay=1, loss=0.0689, lr=2.2e-5, step=110]
Epoch 0:  50%|████▉     | 111/223 [01:46<01:18,  1.42it/s, ema_decay=1, loss=0.0689, lr=2.2e-5, step=110]
Epoch 0:  50%|████▉     | 111/223 [01:46<01:18,  1.42it/s, ema_decay=1, loss=0.132, lr=2.22e-5, step=111]
Epoch 0:  50%|█████     | 112/223 [01:47<01:19,  1.39it/s, ema_decay=1, loss=0.132, lr=2.22e-5, step=111]
Epoch 0:  50%|█████     | 112/223 [01:47<01:19,  1.39it/s, ema_decay=1, loss=0.129, lr=2.24e-5, step=112]
Epoch 0:  51%|█████     | 113/223 [01:47<01:16,  1.44it/s, ema_decay=1, loss=0.129, lr=2.24e-5, step=112]
Epoch 0:  51%|█████     | 113/223 [01:47<01:16,  1.44it/s, ema_decay=1, loss=0.147, lr=2.26e-5, step=113]
Epoch 0:  51%|█████     | 114/223 [01:48<01:17,  1.41it/s, ema_decay=1, loss=0.147, lr=2.26e-5, step=113]
Epoch 0:  51%|█████     | 114/223 [01:48<01:17,  1.41it/s, ema_decay=1, loss=0.255, lr=2.28e-5, step=114]
Epoch 0:  52%|█████▏    | 115/223 [01:49<01:14,  1.45it/s, ema_decay=1, loss=0.255, lr=2.28e-5, step=114]
Epoch 0:  52%|█████▏    | 115/223 [01:49<01:14,  1.45it/s, ema_decay=1, loss=0.131, lr=2.3e-5, step=115] 
Epoch 0:  52%|█████▏    | 116/223 [01:49<01:18,  1.36it/s, ema_decay=1, loss=0.131, lr=2.3e-5, step=115]
Epoch 0:  52%|█████▏    | 116/223 [01:49<01:18,  1.36it/s, ema_decay=1, loss=0.0381, lr=2.32e-5, step=116]
Epoch 0:  52%|█████▏    | 117/223 [01:50<01:17,  1.37it/s, ema_decay=1, loss=0.0381, lr=2.32e-5, step=116]
Epoch 0:  52%|█████▏    | 117/223 [01:50<01:17,  1.37it/s, ema_decay=1, loss=0.0708, lr=2.34e-5, step=117]
Epoch 0:  53%|█████▎    | 118/223 [01:51<01:11,  1.47it/s, ema_decay=1, loss=0.0708, lr=2.34e-5, step=117]
Epoch 0:  53%|█████▎    | 118/223 [01:51<01:11,  1.47it/s, ema_decay=1, loss=0.0907, lr=2.36e-5, step=118]
Epoch 0:  53%|█████▎    | 119/223 [01:51<01:10,  1.47it/s, ema_decay=1, loss=0.0907, lr=2.36e-5, step=118]
Epoch 0:  53%|█████▎    | 119/223 [01:51<01:10,  1.47it/s, ema_decay=1, loss=0.0323, lr=2.38e-5, step=119]
Epoch 0:  54%|█████▍    | 120/223 [01:52<01:13,  1.41it/s, ema_decay=1, loss=0.0323, lr=2.38e-5, step=119]
Epoch 0:  54%|█████▍    | 120/223 [01:52<01:13,  1.41it/s, ema_decay=1, loss=0.165, lr=2.4e-5, step=120]  
Epoch 0:  54%|█████▍    | 121/223 [01:53<01:16,  1.34it/s, ema_decay=1, loss=0.165, lr=2.4e-5, step=120]
Epoch 0:  54%|█████▍    | 121/223 [01:53<01:16,  1.34it/s, ema_decay=1, loss=0.251, lr=2.42e-5, step=121]
Epoch 0:  55%|█████▍    | 122/223 [01:54<01:22,  1.23it/s, ema_decay=1, loss=0.251, lr=2.42e-5, step=121]
Epoch 0:  55%|█████▍    | 122/223 [01:54<01:22,  1.23it/s, ema_decay=1, loss=0.0632, lr=2.44e-5, step=122]
Epoch 0:  55%|█████▌    | 123/223 [01:55<01:19,  1.25it/s, ema_decay=1, loss=0.0632, lr=2.44e-5, step=122]
Epoch 0:  55%|█████▌    | 123/223 [01:55<01:19,  1.25it/s, ema_decay=1, loss=0.0702, lr=2.46e-5, step=123]
Epoch 0:  56%|█████▌    | 124/223 [01:55<01:14,  1.34it/s, ema_decay=1, loss=0.0702, lr=2.46e-5, step=123]
Epoch 0:  56%|█████▌    | 124/223 [01:55<01:14,  1.34it/s, ema_decay=1, loss=0.109, lr=2.48e-5, step=124] 
Epoch 0:  56%|█████▌    | 125/223 [01:56<01:12,  1.36it/s, ema_decay=1, loss=0.109, lr=2.48e-5, step=124]
Epoch 0:  56%|█████▌    | 125/223 [01:56<01:12,  1.36it/s, ema_decay=1, loss=0.109, lr=2.5e-5, step=125] 
Epoch 0:  57%|█████▋    | 126/223 [01:57<01:08,  1.41it/s, ema_decay=1, loss=0.109, lr=2.5e-5, step=125]
Epoch 0:  57%|█████▋    | 126/223 [01:57<01:08,  1.41it/s, ema_decay=1, loss=0.0846, lr=2.52e-5, step=126]
Epoch 0:  57%|█████▋    | 127/223 [01:58<01:20,  1.20it/s, ema_decay=1, loss=0.0846, lr=2.52e-5, step=126]
Epoch 0:  57%|█████▋    | 127/223 [01:58<01:20,  1.20it/s, ema_decay=1, loss=0.18, lr=2.54e-5, step=127]  
Epoch 0:  57%|█████▋    | 128/223 [01:59<01:15,  1.26it/s, ema_decay=1, loss=0.18, lr=2.54e-5, step=127]
Epoch 0:  57%|█████▋    | 128/223 [01:59<01:15,  1.26it/s, ema_decay=1, loss=0.195, lr=2.56e-5, step=128]
Epoch 0:  58%|█████▊    | 129/223 [01:59<01:13,  1.27it/s, ema_decay=1, loss=0.195, lr=2.56e-5, step=128]
Epoch 0:  58%|█████▊    | 129/223 [01:59<01:13,  1.27it/s, ema_decay=1, loss=0.14, lr=2.58e-5, step=129] 
Epoch 0:  58%|█████▊    | 130/223 [02:00<01:06,  1.41it/s, ema_decay=1, loss=0.14, lr=2.58e-5, step=129]
Epoch 0:  58%|█████▊    | 130/223 [02:00<01:06,  1.41it/s, ema_decay=1, loss=0.085, lr=2.6e-5, step=130]
Epoch 0:  59%|█████▊    | 131/223 [02:01<01:08,  1.35it/s, ema_decay=1, loss=0.085, lr=2.6e-5, step=130]
Epoch 0:  59%|█████▊    | 131/223 [02:01<01:08,  1.35it/s, ema_decay=1, loss=0.179, lr=2.62e-5, step=131]
Epoch 0:  59%|█████▉    | 132/223 [02:01<01:05,  1.38it/s, ema_decay=1, loss=0.179, lr=2.62e-5, step=131]
Epoch 0:  59%|█████▉    | 132/223 [02:01<01:05,  1.38it/s, ema_decay=1, loss=0.24, lr=2.64e-5, step=132] 
Epoch 0:  60%|█████▉    | 133/223 [02:02<01:04,  1.39it/s, ema_decay=1, loss=0.24, lr=2.64e-5, step=132]
Epoch 0:  60%|█████▉    | 133/223 [02:02<01:04,  1.39it/s, ema_decay=1, loss=0.144, lr=2.66e-5, step=133]
Epoch 0:  60%|██████    | 134/223 [02:03<01:13,  1.20it/s, ema_decay=1, loss=0.144, lr=2.66e-5, step=133]
Epoch 0:  60%|██████    | 134/223 [02:03<01:13,  1.20it/s, ema_decay=1, loss=0.155, lr=2.68e-5, step=134]
Epoch 0:  61%|██████    | 135/223 [02:04<01:15,  1.16it/s, ema_decay=1, loss=0.155, lr=2.68e-5, step=134]
Epoch 0:  61%|██████    | 135/223 [02:04<01:15,  1.16it/s, ema_decay=1, loss=0.0425, lr=2.7e-5, step=135]
Epoch 0:  61%|██████    | 136/223 [02:05<01:20,  1.08it/s, ema_decay=1, loss=0.0425, lr=2.7e-5, step=135]
Epoch 0:  61%|██████    | 136/223 [02:05<01:20,  1.08it/s, ema_decay=1, loss=0.158, lr=2.72e-5, step=136]
Epoch 0:  61%|██████▏   | 137/223 [02:06<01:28,  1.03s/it, ema_decay=1, loss=0.158, lr=2.72e-5, step=136]
Epoch 0:  61%|██████▏   | 137/223 [02:06<01:28,  1.03s/it, ema_decay=1, loss=0.114, lr=2.74e-5, step=137]
Epoch 0:  62%|██████▏   | 138/223 [02:07<01:22,  1.03it/s, ema_decay=1, loss=0.114, lr=2.74e-5, step=137]
Epoch 0:  62%|██████▏   | 138/223 [02:07<01:22,  1.03it/s, ema_decay=1, loss=0.149, lr=2.76e-5, step=138]
Epoch 0:  62%|██████▏   | 139/223 [02:08<01:16,  1.09it/s, ema_decay=1, loss=0.149, lr=2.76e-5, step=138]
Epoch 0:  62%|██████▏   | 139/223 [02:08<01:16,  1.09it/s, ema_decay=1, loss=0.144, lr=2.78e-5, step=139]
Epoch 0:  63%|██████▎   | 140/223 [02:09<01:19,  1.04it/s, ema_decay=1, loss=0.144, lr=2.78e-5, step=139]
Epoch 0:  63%|██████▎   | 140/223 [02:09<01:19,  1.04it/s, ema_decay=1, loss=0.162, lr=2.8e-5, step=140] 
Epoch 0:  63%|██████▎   | 141/223 [02:10<01:13,  1.12it/s, ema_decay=1, loss=0.162, lr=2.8e-5, step=140]
Epoch 0:  63%|██████▎   | 141/223 [02:10<01:13,  1.12it/s, ema_decay=1, loss=0.0226, lr=2.82e-5, step=141]
Epoch 0:  64%|██████▎   | 142/223 [02:11<01:11,  1.13it/s, ema_decay=1, loss=0.0226, lr=2.82e-5, step=141]
Epoch 0:  64%|██████▎   | 142/223 [02:11<01:11,  1.13it/s, ema_decay=1, loss=0.134, lr=2.84e-5, step=142] 
Epoch 0:  64%|██████▍   | 143/223 [02:12<01:19,  1.00it/s, ema_decay=1, loss=0.134, lr=2.84e-5, step=142]
Epoch 0:  64%|██████▍   | 143/223 [02:12<01:19,  1.00it/s, ema_decay=1, loss=0.0388, lr=2.86e-5, step=143]
Epoch 0:  65%|██████▍   | 144/223 [02:13<01:17,  1.02it/s, ema_decay=1, loss=0.0388, lr=2.86e-5, step=143]
Epoch 0:  65%|██████▍   | 144/223 [02:13<01:17,  1.02it/s, ema_decay=1, loss=0.0922, lr=2.88e-5, step=144]
Epoch 0:  65%|██████▌   | 145/223 [02:14<01:09,  1.12it/s, ema_decay=1, loss=0.0922, lr=2.88e-5, step=144]
Epoch 0:  65%|██████▌   | 145/223 [02:14<01:09,  1.12it/s, ema_decay=1, loss=0.107, lr=2.9e-5, step=145]  
Epoch 0:  65%|██████▌   | 146/223 [02:14<01:04,  1.19it/s, ema_decay=1, loss=0.107, lr=2.9e-5, step=145]
Epoch 0:  65%|██████▌   | 146/223 [02:14<01:04,  1.19it/s, ema_decay=1, loss=0.225, lr=2.92e-5, step=146]
Epoch 0:  66%|██████▌   | 147/223 [02:15<00:59,  1.27it/s, ema_decay=1, loss=0.225, lr=2.92e-5, step=146]
Epoch 0:  66%|██████▌   | 147/223 [02:15<00:59,  1.27it/s, ema_decay=1, loss=0.125, lr=2.94e-5, step=147]
Epoch 0:  66%|██████▋   | 148/223 [02:16<00:55,  1.35it/s, ema_decay=1, loss=0.125, lr=2.94e-5, step=147]
Epoch 0:  66%|██████▋   | 148/223 [02:16<00:55,  1.35it/s, ema_decay=1, loss=0.0426, lr=2.96e-5, step=148]
Epoch 0:  67%|██████▋   | 149/223 [02:16<00:54,  1.37it/s, ema_decay=1, loss=0.0426, lr=2.96e-5, step=148]
Epoch 0:  67%|██████▋   | 149/223 [02:16<00:54,  1.37it/s, ema_decay=1, loss=0.0253, lr=2.98e-5, step=149]
Epoch 0:  67%|██████▋   | 150/223 [02:17<00:56,  1.30it/s, ema_decay=1, loss=0.0253, lr=2.98e-5, step=149]
Epoch 0:  67%|██████▋   | 150/223 [02:17<00:56,  1.30it/s, ema_decay=1, loss=0.0877, lr=3e-5, step=150]   
Epoch 0:  68%|██████▊   | 151/223 [02:18<00:56,  1.27it/s, ema_decay=1, loss=0.0877, lr=3e-5, step=150]
Epoch 0:  68%|██████▊   | 151/223 [02:18<00:56,  1.27it/s, ema_decay=1, loss=0.0192, lr=3.02e-5, step=151]
Epoch 0:  68%|██████▊   | 152/223 [02:19<00:54,  1.31it/s, ema_decay=1, loss=0.0192, lr=3.02e-5, step=151]
Epoch 0:  68%|██████▊   | 152/223 [02:19<00:54,  1.31it/s, ema_decay=1, loss=0.136, lr=3.04e-5, step=152] 
Epoch 0:  69%|██████▊   | 153/223 [02:19<00:52,  1.33it/s, ema_decay=1, loss=0.136, lr=3.04e-5, step=152]
Epoch 0:  69%|██████▊   | 153/223 [02:19<00:52,  1.33it/s, ema_decay=1, loss=0.119, lr=3.06e-5, step=153]
Epoch 0:  69%|██████▉   | 154/223 [02:20<00:51,  1.35it/s, ema_decay=1, loss=0.119, lr=3.06e-5, step=153]
Epoch 0:  69%|██████▉   | 154/223 [02:20<00:51,  1.35it/s, ema_decay=1, loss=0.0518, lr=3.08e-5, step=154]
Epoch 0:  70%|██████▉   | 155/223 [02:21<00:47,  1.45it/s, ema_decay=1, loss=0.0518, lr=3.08e-5, step=154]
Epoch 0:  70%|██████▉   | 155/223 [02:21<00:47,  1.45it/s, ema_decay=1, loss=0.0721, lr=3.1e-5, step=155] 
Epoch 0:  70%|██████▉   | 156/223 [02:21<00:46,  1.45it/s, ema_decay=1, loss=0.0721, lr=3.1e-5, step=155]
Epoch 0:  70%|██████▉   | 156/223 [02:21<00:46,  1.45it/s, ema_decay=1, loss=0.033, lr=3.12e-5, step=156]
Epoch 0:  70%|███████   | 157/223 [02:22<00:46,  1.42it/s, ema_decay=1, loss=0.033, lr=3.12e-5, step=156]
Epoch 0:  70%|███████   | 157/223 [02:22<00:46,  1.42it/s, ema_decay=1, loss=0.034, lr=3.14e-5, step=157]
Epoch 0:  71%|███████   | 158/223 [02:23<00:48,  1.35it/s, ema_decay=1, loss=0.034, lr=3.14e-5, step=157]
Epoch 0:  71%|███████   | 158/223 [02:23<00:48,  1.35it/s, ema_decay=1, loss=0.106, lr=3.16e-5, step=158]
Epoch 0:  71%|███████▏  | 159/223 [02:24<00:45,  1.41it/s, ema_decay=1, loss=0.106, lr=3.16e-5, step=158]
Epoch 0:  71%|███████▏  | 159/223 [02:24<00:45,  1.41it/s, ema_decay=1, loss=0.124, lr=3.18e-5, step=159]
Epoch 0:  72%|███████▏  | 160/223 [02:24<00:44,  1.40it/s, ema_decay=1, loss=0.124, lr=3.18e-5, step=159]
Epoch 0:  72%|███████▏  | 160/223 [02:24<00:44,  1.40it/s, ema_decay=1, loss=0.142, lr=3.2e-5, step=160] 
Epoch 0:  72%|███████▏  | 161/223 [02:25<00:41,  1.50it/s, ema_decay=1, loss=0.142, lr=3.2e-5, step=160]
Epoch 0:  72%|███████▏  | 161/223 [02:25<00:41,  1.50it/s, ema_decay=1, loss=0.178, lr=3.22e-5, step=161]
Epoch 0:  73%|███████▎  | 162/223 [02:26<00:39,  1.54it/s, ema_decay=1, loss=0.178, lr=3.22e-5, step=161]
Epoch 0:  73%|███████▎  | 162/223 [02:26<00:39,  1.54it/s, ema_decay=1, loss=0.0175, lr=3.24e-5, step=162]
Epoch 0:  73%|███████▎  | 163/223 [02:26<00:40,  1.48it/s, ema_decay=1, loss=0.0175, lr=3.24e-5, step=162]
Epoch 0:  73%|███████▎  | 163/223 [02:26<00:40,  1.48it/s, ema_decay=1, loss=0.204, lr=3.26e-5, step=163] 
Epoch 0:  74%|███████▎  | 164/223 [02:27<00:38,  1.53it/s, ema_decay=1, loss=0.204, lr=3.26e-5, step=163]
Epoch 0:  74%|███████▎  | 164/223 [02:27<00:38,  1.53it/s, ema_decay=1, loss=0.204, lr=3.28e-5, step=164]
Epoch 0:  74%|███████▍  | 165/223 [02:27<00:36,  1.58it/s, ema_decay=1, loss=0.204, lr=3.28e-5, step=164]
Epoch 0:  74%|███████▍  | 165/223 [02:27<00:36,  1.58it/s, ema_decay=1, loss=0.196, lr=3.3e-5, step=165] 
Epoch 0:  74%|███████▍  | 166/223 [02:28<00:37,  1.53it/s, ema_decay=1, loss=0.196, lr=3.3e-5, step=165]
Epoch 0:  74%|███████▍  | 166/223 [02:28<00:37,  1.53it/s, ema_decay=1, loss=0.117, lr=3.32e-5, step=166]
Epoch 0:  75%|███████▍  | 167/223 [02:29<00:38,  1.45it/s, ema_decay=1, loss=0.117, lr=3.32e-5, step=166]
Epoch 0:  75%|███████▍  | 167/223 [02:29<00:38,  1.45it/s, ema_decay=1, loss=0.209, lr=3.34e-5, step=167]
Epoch 0:  75%|███████▌  | 168/223 [02:30<00:38,  1.42it/s, ema_decay=1, loss=0.209, lr=3.34e-5, step=167]
Epoch 0:  75%|███████▌  | 168/223 [02:30<00:38,  1.42it/s, ema_decay=1, loss=0.168, lr=3.36e-5, step=168]
Epoch 0:  76%|███████▌  | 169/223 [02:30<00:39,  1.38it/s, ema_decay=1, loss=0.168, lr=3.36e-5, step=168]
Epoch 0:  76%|███████▌  | 169/223 [02:30<00:39,  1.38it/s, ema_decay=1, loss=0.182, lr=3.38e-5, step=169]
Epoch 0:  76%|███████▌  | 170/223 [02:31<00:38,  1.39it/s, ema_decay=1, loss=0.182, lr=3.38e-5, step=169]
Epoch 0:  76%|███████▌  | 170/223 [02:31<00:38,  1.39it/s, ema_decay=1, loss=0.0976, lr=3.4e-5, step=170]
Epoch 0:  77%|███████▋  | 171/223 [02:32<00:40,  1.30it/s, ema_decay=1, loss=0.0976, lr=3.4e-5, step=170]
Epoch 0:  77%|███████▋  | 171/223 [02:32<00:40,  1.30it/s, ema_decay=1, loss=0.101, lr=3.42e-5, step=171]
Epoch 0:  77%|███████▋  | 172/223 [02:35<01:19,  1.55s/it, ema_decay=1, loss=0.101, lr=3.42e-5, step=171]
Epoch 0:  77%|███████▋  | 172/223 [02:35<01:19,  1.55s/it, ema_decay=1, loss=0.195, lr=3.44e-5, step=172]
Epoch 0:  78%|███████▊  | 173/223 [02:37<01:13,  1.47s/it, ema_decay=1, loss=0.195, lr=3.44e-5, step=172]
Epoch 0:  78%|███████▊  | 173/223 [02:37<01:13,  1.47s/it, ema_decay=1, loss=0.0389, lr=3.46e-5, step=173]
Epoch 0:  78%|███████▊  | 174/223 [02:38<01:04,  1.31s/it, ema_decay=1, loss=0.0389, lr=3.46e-5, step=173]
Epoch 0:  78%|███████▊  | 174/223 [02:38<01:04,  1.31s/it, ema_decay=1, loss=0.0915, lr=3.48e-5, step=174]
Epoch 0:  78%|███████▊  | 175/223 [02:38<00:54,  1.14s/it, ema_decay=1, loss=0.0915, lr=3.48e-5, step=174]
Epoch 0:  78%|███████▊  | 175/223 [02:38<00:54,  1.14s/it, ema_decay=1, loss=0.277, lr=3.5e-5, step=175]  
Epoch 0:  79%|███████▉  | 176/223 [02:39<00:48,  1.03s/it, ema_decay=1, loss=0.277, lr=3.5e-5, step=175]
Epoch 0:  79%|███████▉  | 176/223 [02:39<00:48,  1.03s/it, ema_decay=1, loss=0.0743, lr=3.52e-5, step=176]
Epoch 0:  79%|███████▉  | 177/223 [02:40<00:42,  1.09it/s, ema_decay=1, loss=0.0743, lr=3.52e-5, step=176]
Epoch 0:  79%|███████▉  | 177/223 [02:40<00:42,  1.09it/s, ema_decay=1, loss=0.191, lr=3.54e-5, step=177] 
Epoch 0:  80%|███████▉  | 178/223 [02:41<00:39,  1.13it/s, ema_decay=1, loss=0.191, lr=3.54e-5, step=177]
Epoch 0:  80%|███████▉  | 178/223 [02:41<00:39,  1.13it/s, ema_decay=1, loss=0.178, lr=3.56e-5, step=178]
Epoch 0:  80%|████████  | 179/223 [02:42<00:40,  1.09it/s, ema_decay=1, loss=0.178, lr=3.56e-5, step=178]
Epoch 0:  80%|████████  | 179/223 [02:42<00:40,  1.09it/s, ema_decay=1, loss=0.0211, lr=3.58e-5, step=179]
Epoch 0:  81%|████████  | 180/223 [02:43<00:45,  1.06s/it, ema_decay=1, loss=0.0211, lr=3.58e-5, step=179]
Epoch 0:  81%|████████  | 180/223 [02:43<00:45,  1.06s/it, ema_decay=1, loss=0.129, lr=3.6e-5, step=180]  
Epoch 0:  81%|████████  | 181/223 [02:44<00:49,  1.18s/it, ema_decay=1, loss=0.129, lr=3.6e-5, step=180]
Epoch 0:  81%|████████  | 181/223 [02:44<00:49,  1.18s/it, ema_decay=1, loss=0.198, lr=3.62e-5, step=181]
Epoch 0:  82%|████████▏ | 182/223 [02:45<00:46,  1.13s/it, ema_decay=1, loss=0.198, lr=3.62e-5, step=181]
Epoch 0:  82%|████████▏ | 182/223 [02:45<00:46,  1.13s/it, ema_decay=1, loss=0.0521, lr=3.64e-5, step=182]
Epoch 0:  82%|████████▏ | 183/223 [02:46<00:41,  1.03s/it, ema_decay=1, loss=0.0521, lr=3.64e-5, step=182]
Epoch 0:  82%|████████▏ | 183/223 [02:46<00:41,  1.03s/it, ema_decay=1, loss=0.0675, lr=3.66e-5, step=183]
Epoch 0:  83%|████████▎ | 184/223 [02:47<00:36,  1.08it/s, ema_decay=1, loss=0.0675, lr=3.66e-5, step=183]
Epoch 0:  83%|████████▎ | 184/223 [02:47<00:36,  1.08it/s, ema_decay=1, loss=0.0432, lr=3.68e-5, step=184]
Epoch 0:  83%|████████▎ | 185/223 [02:48<00:33,  1.12it/s, ema_decay=1, loss=0.0432, lr=3.68e-5, step=184]
Epoch 0:  83%|████████▎ | 185/223 [02:48<00:33,  1.12it/s, ema_decay=1, loss=0.106, lr=3.7e-5, step=185]  
Epoch 0:  83%|████████▎ | 186/223 [02:49<00:32,  1.15it/s, ema_decay=1, loss=0.106, lr=3.7e-5, step=185]
Epoch 0:  83%|████████▎ | 186/223 [02:49<00:32,  1.15it/s, ema_decay=1, loss=0.079, lr=3.72e-5, step=186]
Epoch 0:  84%|████████▍ | 187/223 [02:50<00:38,  1.08s/it, ema_decay=1, loss=0.079, lr=3.72e-5, step=186]
Epoch 0:  84%|████████▍ | 187/223 [02:50<00:38,  1.08s/it, ema_decay=1, loss=0.0324, lr=3.74e-5, step=187]
Epoch 0:  84%|████████▍ | 188/223 [02:51<00:37,  1.06s/it, ema_decay=1, loss=0.0324, lr=3.74e-5, step=187]
Epoch 0:  84%|████████▍ | 188/223 [02:51<00:37,  1.06s/it, ema_decay=1, loss=0.0941, lr=3.76e-5, step=188]
Epoch 0:  85%|████████▍ | 189/223 [02:53<00:39,  1.16s/it, ema_decay=1, loss=0.0941, lr=3.76e-5, step=188]
Epoch 0:  85%|████████▍ | 189/223 [02:53<00:39,  1.16s/it, ema_decay=1, loss=0.0836, lr=3.78e-5, step=189]
Epoch 0:  85%|████████▌ | 190/223 [02:53<00:33,  1.00s/it, ema_decay=1, loss=0.0836, lr=3.78e-5, step=189]
Epoch 0:  85%|████████▌ | 190/223 [02:53<00:33,  1.00s/it, ema_decay=1, loss=0.156, lr=3.8e-5, step=190]  
Epoch 0:  86%|████████▌ | 191/223 [02:54<00:29,  1.09it/s, ema_decay=1, loss=0.156, lr=3.8e-5, step=190]
Epoch 0:  86%|████████▌ | 191/223 [02:54<00:29,  1.09it/s, ema_decay=1, loss=0.112, lr=3.82e-5, step=191]
Epoch 0:  86%|████████▌ | 192/223 [02:55<00:28,  1.07it/s, ema_decay=1, loss=0.112, lr=3.82e-5, step=191]
Epoch 0:  86%|████████▌ | 192/223 [02:55<00:28,  1.07it/s, ema_decay=1, loss=0.0895, lr=3.84e-5, step=192]
Epoch 0:  87%|████████▋ | 193/223 [02:56<00:28,  1.07it/s, ema_decay=1, loss=0.0895, lr=3.84e-5, step=192]
Epoch 0:  87%|████████▋ | 193/223 [02:56<00:28,  1.07it/s, ema_decay=1, loss=0.0936, lr=3.86e-5, step=193]
Epoch 0:  87%|████████▋ | 194/223 [02:57<00:28,  1.03it/s, ema_decay=1, loss=0.0936, lr=3.86e-5, step=193]
Epoch 0:  87%|████████▋ | 194/223 [02:57<00:28,  1.03it/s, ema_decay=1, loss=0.118, lr=3.88e-5, step=194] 
Epoch 0:  87%|████████▋ | 195/223 [02:58<00:28,  1.03s/it, ema_decay=1, loss=0.118, lr=3.88e-5, step=194]
Epoch 0:  87%|████████▋ | 195/223 [02:58<00:28,  1.03s/it, ema_decay=1, loss=0.0865, lr=3.9e-5, step=195]
Epoch 0:  88%|████████▊ | 196/223 [02:59<00:30,  1.14s/it, ema_decay=1, loss=0.0865, lr=3.9e-5, step=195]
Epoch 0:  88%|████████▊ | 196/223 [02:59<00:30,  1.14s/it, ema_decay=1, loss=0.203, lr=3.92e-5, step=196]
Epoch 0:  88%|████████▊ | 197/223 [03:00<00:29,  1.12s/it, ema_decay=1, loss=0.203, lr=3.92e-5, step=196]
Epoch 0:  88%|████████▊ | 197/223 [03:00<00:29,  1.12s/it, ema_decay=1, loss=0.111, lr=3.94e-5, step=197]
Epoch 0:  89%|████████▉ | 198/223 [03:01<00:25,  1.03s/it, ema_decay=1, loss=0.111, lr=3.94e-5, step=197]
Epoch 0:  89%|████████▉ | 198/223 [03:01<00:25,  1.03s/it, ema_decay=1, loss=0.118, lr=3.96e-5, step=198]
Epoch 0:  89%|████████▉ | 199/223 [03:02<00:22,  1.08it/s, ema_decay=1, loss=0.118, lr=3.96e-5, step=198]
Epoch 0:  89%|████████▉ | 199/223 [03:02<00:22,  1.08it/s, ema_decay=1, loss=0.166, lr=3.98e-5, step=199]
Epoch 0:  90%|████████▉ | 200/223 [03:04<00:31,  1.37s/it, ema_decay=1, loss=0.166, lr=3.98e-5, step=199]
Epoch 0:  90%|████████▉ | 200/223 [03:04<00:31,  1.37s/it, ema_decay=1, loss=0.102, lr=4e-5, step=200]   
Epoch 0:  90%|█████████ | 201/223 [03:06<00:29,  1.33s/it, ema_decay=1, loss=0.102, lr=4e-5, step=200]
Epoch 0:  90%|█████████ | 201/223 [03:06<00:29,  1.33s/it, ema_decay=1, loss=0.155, lr=4.02e-5, step=201]
Epoch 0:  91%|█████████ | 202/223 [03:07<00:29,  1.42s/it, ema_decay=1, loss=0.155, lr=4.02e-5, step=201]
Epoch 0:  91%|█████████ | 202/223 [03:07<00:29,  1.42s/it, ema_decay=1, loss=0.0931, lr=4.04e-5, step=202]
Epoch 0:  91%|█████████ | 203/223 [03:08<00:25,  1.26s/it, ema_decay=1, loss=0.0931, lr=4.04e-5, step=202]
Epoch 0:  91%|█████████ | 203/223 [03:08<00:25,  1.26s/it, ema_decay=1, loss=0.0922, lr=4.06e-5, step=203]
Epoch 0:  91%|█████████▏| 204/223 [03:09<00:20,  1.08s/it, ema_decay=1, loss=0.0922, lr=4.06e-5, step=203]
Epoch 0:  91%|█████████▏| 204/223 [03:09<00:20,  1.08s/it, ema_decay=1, loss=0.106, lr=4.08e-5, step=204] 
Epoch 0:  92%|█████████▏| 205/223 [03:10<00:20,  1.13s/it, ema_decay=1, loss=0.106, lr=4.08e-5, step=204]
Epoch 0:  92%|█████████▏| 205/223 [03:10<00:20,  1.13s/it, ema_decay=1, loss=0.171, lr=4.1e-5, step=205] 
Epoch 0:  92%|█████████▏| 206/223 [03:11<00:18,  1.07s/it, ema_decay=1, loss=0.171, lr=4.1e-5, step=205]
Epoch 0:  92%|█████████▏| 206/223 [03:11<00:18,  1.07s/it, ema_decay=1, loss=0.233, lr=4.12e-5, step=206]
Epoch 0:  93%|█████████▎| 207/223 [03:12<00:18,  1.13s/it, ema_decay=1, loss=0.233, lr=4.12e-5, step=206]
Epoch 0:  93%|█████████▎| 207/223 [03:12<00:18,  1.13s/it, ema_decay=1, loss=0.119, lr=4.14e-5, step=207]
Epoch 0:  93%|█████████▎| 208/223 [03:13<00:16,  1.09s/it, ema_decay=1, loss=0.119, lr=4.14e-5, step=207]
Epoch 0:  93%|█████████▎| 208/223 [03:13<00:16,  1.09s/it, ema_decay=1, loss=0.208, lr=4.16e-5, step=208]
Epoch 0:  94%|█████████▎| 209/223 [03:14<00:13,  1.05it/s, ema_decay=1, loss=0.208, lr=4.16e-5, step=208]
Epoch 0:  94%|█████████▎| 209/223 [03:14<00:13,  1.05it/s, ema_decay=1, loss=0.0781, lr=4.18e-5, step=209]
Epoch 0:  94%|█████████▍| 210/223 [03:15<00:11,  1.16it/s, ema_decay=1, loss=0.0781, lr=4.18e-5, step=209]
Epoch 0:  94%|█████████▍| 210/223 [03:15<00:11,  1.16it/s, ema_decay=1, loss=0.0404, lr=4.2e-5, step=210] 
Epoch 0:  95%|█████████▍| 211/223 [03:15<00:10,  1.16it/s, ema_decay=1, loss=0.0404, lr=4.2e-5, step=210]
Epoch 0:  95%|█████████▍| 211/223 [03:15<00:10,  1.16it/s, ema_decay=1, loss=0.0377, lr=4.22e-5, step=211]
Epoch 0:  95%|█████████▌| 212/223 [03:16<00:10,  1.08it/s, ema_decay=1, loss=0.0377, lr=4.22e-5, step=211]
Epoch 0:  95%|█████████▌| 212/223 [03:16<00:10,  1.08it/s, ema_decay=1, loss=0.133, lr=4.24e-5, step=212] 
Epoch 0:  96%|█████████▌| 213/223 [03:18<00:09,  1.04it/s, ema_decay=1, loss=0.133, lr=4.24e-5, step=212]
Epoch 0:  96%|█████████▌| 213/223 [03:18<00:09,  1.04it/s, ema_decay=1, loss=0.0434, lr=4.26e-5, step=213]
Epoch 0:  96%|█████████▌| 214/223 [03:19<00:10,  1.11s/it, ema_decay=1, loss=0.0434, lr=4.26e-5, step=213]
Epoch 0:  96%|█████████▌| 214/223 [03:19<00:10,  1.11s/it, ema_decay=1, loss=0.051, lr=4.28e-5, step=214] 
Epoch 0:  96%|█████████▋| 215/223 [03:20<00:08,  1.00s/it, ema_decay=1, loss=0.051, lr=4.28e-5, step=214]
Epoch 0:  96%|█████████▋| 215/223 [03:20<00:08,  1.00s/it, ema_decay=1, loss=0.0755, lr=4.3e-5, step=215]
Epoch 0:  97%|█████████▋| 216/223 [03:21<00:06,  1.03it/s, ema_decay=1, loss=0.0755, lr=4.3e-5, step=215]
Epoch 0:  97%|█████████▋| 216/223 [03:21<00:06,  1.03it/s, ema_decay=1, loss=0.275, lr=4.32e-5, step=216]
Epoch 0:  97%|█████████▋| 217/223 [03:22<00:05,  1.06it/s, ema_decay=1, loss=0.275, lr=4.32e-5, step=216]
Epoch 0:  97%|█████████▋| 217/223 [03:22<00:05,  1.06it/s, ema_decay=1, loss=0.205, lr=4.34e-5, step=217]
Epoch 0:  98%|█████████▊| 218/223 [03:22<00:04,  1.15it/s, ema_decay=1, loss=0.205, lr=4.34e-5, step=217]
Epoch 0:  98%|█████████▊| 218/223 [03:22<00:04,  1.15it/s, ema_decay=1, loss=0.147, lr=4.36e-5, step=218]
Epoch 0:  98%|█████████▊| 219/223 [03:23<00:03,  1.21it/s, ema_decay=1, loss=0.147, lr=4.36e-5, step=218]
Epoch 0:  98%|█████████▊| 219/223 [03:23<00:03,  1.21it/s, ema_decay=1, loss=0.0794, lr=4.38e-5, step=219]
Epoch 0:  99%|█████████▊| 220/223 [03:24<00:02,  1.18it/s, ema_decay=1, loss=0.0794, lr=4.38e-5, step=219]
Epoch 0:  99%|█████████▊| 220/223 [03:24<00:02,  1.18it/s, ema_decay=1, loss=0.121, lr=4.4e-5, step=220]  
Epoch 0:  99%|█████████▉| 221/223 [03:25<00:01,  1.16it/s, ema_decay=1, loss=0.121, lr=4.4e-5, step=220]
Epoch 0:  99%|█████████▉| 221/223 [03:25<00:01,  1.16it/s, ema_decay=1, loss=0.039, lr=4.42e-5, step=221]
Epoch 0: 100%|█████████▉| 222/223 [03:25<00:00,  1.23it/s, ema_decay=1, loss=0.039, lr=4.42e-5, step=221]
Epoch 0: 100%|█████████▉| 222/223 [03:25<00:00,  1.23it/s, ema_decay=1, loss=0.088, lr=4.44e-5, step=222]
Epoch 0: 100%|██████████| 223/223 [03:26<00:00,  1.34it/s, ema_decay=1, loss=0.088, lr=4.44e-5, step=222]
Epoch 0: 100%|██████████| 223/223 [03:26<00:00,  1.34it/s, ema_decay=1, loss=0.105, lr=4.46e-5, step=223]
Epoch 0: 100%|██████████| 223/223 [03:26<00:00,  1.08it/s, ema_decay=1, loss=0.105, lr=4.46e-5, step=223]
Test feat:  torch.Size([150, 8, 6720])

  0%|          | 0/1000 [00:00<?, ?it/s]
  0%|          | 0/1000 [00:00<?, ?it/s]
Encoding shape:  torch.Size([150, 8, 6720])
Traceback (most recent call last):
  File "/home/xxliu/Sound_Recon_Recur/audio-diffusion/scripts/train_unet.py", line 491, in <module>
    main(args)
  File "/home/xxliu/Sound_Recon_Recur/audio-diffusion/scripts/train_unet.py", line 373, in main
    images, (sample_rate, audios) = pipeline(
                                    ^^^^^^^^^
  File "/home/xxliu/.conda/envs/audi/lib/python3.12/site-packages/torch/utils/_contextlib.py", line 115, in decorate_context
    return func(*args, **kwargs)
           ^^^^^^^^^^^^^^^^^^^^^
  File "/home/xxliu/Sound_Recon_Recur/audio-diffusion/audiodiffusion/pipeline_audio_diffusion.py", line 161, in __call__
    model_output = self.unet(images, t, encoding)["sample"]
                   ^^^^^^^^^^^^^^^^^^^^^^^^^^^^^^
  File "/home/xxliu/.conda/envs/audi/lib/python3.12/site-packages/torch/nn/modules/module.py", line 1532, in _wrapped_call_impl
    return self._call_impl(*args, **kwargs)
           ^^^^^^^^^^^^^^^^^^^^^^^^^^^^^^^^
  File "/home/xxliu/.conda/envs/audi/lib/python3.12/site-packages/torch/nn/modules/module.py", line 1541, in _call_impl
    return forward_call(*args, **kwargs)
           ^^^^^^^^^^^^^^^^^^^^^^^^^^^^^
  File "/home/xxliu/.conda/envs/audi/lib/python3.12/site-packages/diffusers/models/unets/unet_2d_condition.py", line 1209, in forward
    sample, res_samples = downsample_block(
                          ^^^^^^^^^^^^^^^^^
  File "/home/xxliu/.conda/envs/audi/lib/python3.12/site-packages/torch/nn/modules/module.py", line 1532, in _wrapped_call_impl
    return self._call_impl(*args, **kwargs)
           ^^^^^^^^^^^^^^^^^^^^^^^^^^^^^^^^
  File "/home/xxliu/.conda/envs/audi/lib/python3.12/site-packages/torch/nn/modules/module.py", line 1541, in _call_impl
    return forward_call(*args, **kwargs)
           ^^^^^^^^^^^^^^^^^^^^^^^^^^^^^
  File "/home/xxliu/.conda/envs/audi/lib/python3.12/site-packages/diffusers/models/unets/unet_2d_blocks.py", line 1288, in forward
    hidden_states = attn(
                    ^^^^^
  File "/home/xxliu/.conda/envs/audi/lib/python3.12/site-packages/torch/nn/modules/module.py", line 1532, in _wrapped_call_impl
    return self._call_impl(*args, **kwargs)
           ^^^^^^^^^^^^^^^^^^^^^^^^^^^^^^^^
  File "/home/xxliu/.conda/envs/audi/lib/python3.12/site-packages/torch/nn/modules/module.py", line 1541, in _call_impl
    return forward_call(*args, **kwargs)
           ^^^^^^^^^^^^^^^^^^^^^^^^^^^^^
  File "/home/xxliu/.conda/envs/audi/lib/python3.12/site-packages/diffusers/models/transformers/transformer_2d.py", line 442, in forward
    hidden_states = block(
                    ^^^^^^
  File "/home/xxliu/.conda/envs/audi/lib/python3.12/site-packages/torch/nn/modules/module.py", line 1532, in _wrapped_call_impl
    return self._call_impl(*args, **kwargs)
           ^^^^^^^^^^^^^^^^^^^^^^^^^^^^^^^^
  File "/home/xxliu/.conda/envs/audi/lib/python3.12/site-packages/torch/nn/modules/module.py", line 1541, in _call_impl
    return forward_call(*args, **kwargs)
           ^^^^^^^^^^^^^^^^^^^^^^^^^^^^^
  File "/home/xxliu/.conda/envs/audi/lib/python3.12/site-packages/diffusers/models/attention.py", line 490, in forward
    attn_output = self.attn2(
                  ^^^^^^^^^^^
  File "/home/xxliu/.conda/envs/audi/lib/python3.12/site-packages/torch/nn/modules/module.py", line 1532, in _wrapped_call_impl
    return self._call_impl(*args, **kwargs)
           ^^^^^^^^^^^^^^^^^^^^^^^^^^^^^^^^
  File "/home/xxliu/.conda/envs/audi/lib/python3.12/site-packages/torch/nn/modules/module.py", line 1541, in _call_impl
    return forward_call(*args, **kwargs)
           ^^^^^^^^^^^^^^^^^^^^^^^^^^^^^
  File "/home/xxliu/.conda/envs/audi/lib/python3.12/site-packages/diffusers/models/attention_processor.py", line 559, in forward
    return self.processor(
           ^^^^^^^^^^^^^^^
  File "/home/xxliu/.conda/envs/audi/lib/python3.12/site-packages/diffusers/models/attention_processor.py", line 1577, in __call__
    query = query.view(batch_size, -1, attn.heads, head_dim).transpose(1, 2)
            ^^^^^^^^^^^^^^^^^^^^^^^^^^^^^^^^^^^^^^^^^^^^^^^^
RuntimeError: shape '[150, -1, 8, 16]' is invalid for input of size 2097152
Traceback (most recent call last):
  File "/home/xxliu/.conda/envs/audi/bin/accelerate", line 8, in <module>
    sys.exit(main())
             ^^^^^^
  File "/home/xxliu/.conda/envs/audi/lib/python3.12/site-packages/accelerate/commands/accelerate_cli.py", line 48, in main
    args.func(args)
  File "/home/xxliu/.conda/envs/audi/lib/python3.12/site-packages/accelerate/commands/launch.py", line 1097, in launch_command
    simple_launcher(args)
  File "/home/xxliu/.conda/envs/audi/lib/python3.12/site-packages/accelerate/commands/launch.py", line 703, in simple_launcher
    raise subprocess.CalledProcessError(returncode=process.returncode, cmd=cmd)
subprocess.CalledProcessError: Command '['/home/xxliu/.conda/envs/audi/bin/python', 'scripts/train_unet.py', '--dataset_name', 'data/vgg_slided_train_mel', '--test_dataset_name', 'data/vgg_slided_test_mel', '--output_dir', 'models/mind-diffuser-256', '--train_batch_size', '16', '--num_epochs', '100', '--gradient_accumulation_steps', '1', '--learning_rate', '1e-4', '--lr_warmup_steps', '500', '--mixed_precision', 'no', '--vae', 'models/autoencoder-kl', '--feat_dir', 'data/features/conv5_3_train', '--test_dir', 'data/features/conv5_3_test', '--save_images_epochs', '1', '--save_model_epochs', '1']' returned non-zero exit status 1.
